<?xml version="1.0" encoding="UTF-8"?>
<!-- Generated by org.testng.reporters.JUnitReportReporter -->
<testsuite skipped="0" hostname="vmt10295" name="com.valuemomentum.demo.Assessment.Assessment" tests="1" failures="0" timestamp="2021-03-19T17:00:44 IST" time="23.400" errors="0">
  <testcase name="verify" time="23.400" classname="com.valuemomentum.demo.Assessment.Assessment"/>
  <system-out/>
</testsuite> <!-- com.valuemomentum.demo.Assessment.Assessment -->
